[debug] [2022-04-30T18:25:55.375Z] ----------------------------------------------------------------------
[debug] [2022-04-30T18:25:55.375Z] Command:       /usr/local/bin/node /usr/local/bin/firebase deploy --only hosting
[debug] [2022-04-30T18:25:55.376Z] CLI Version:   9.23.0
[debug] [2022-04-30T18:25:55.376Z] Platform:      darwin
[debug] [2022-04-30T18:25:55.376Z] Node Version:  v16.13.0
[debug] [2022-04-30T18:25:55.379Z] Time:          Sat Apr 30 2022 20:25:55 GMT+0200 (Central European Summer Time)
[debug] [2022-04-30T18:25:55.379Z] ----------------------------------------------------------------------
[debug] 
[debug] [2022-04-30T18:25:55.380Z] >>> [apiv2][query] GET https://firebase-public.firebaseio.com/cli.json [none]
[debug] [2022-04-30T18:25:55.410Z] > command requires scopes: ["email","openid","https://www.googleapis.com/auth/cloudplatformprojects.readonly","https://www.googleapis.com/auth/firebase","https://www.googleapis.com/auth/cloud-platform"]
[debug] [2022-04-30T18:25:55.410Z] > authorizing via signed-in user (ramoslucasd@gmail.com)
[debug] [2022-04-30T18:25:55.410Z] [iam] checking project super-list-prod for permissions ["firebase.projects.get","firebasehosting.sites.update"]
[debug] [2022-04-30T18:25:55.411Z] > refreshing access token with scopes: ["email","https://www.googleapis.com/auth/cloud-platform","https://www.googleapis.com/auth/cloudplatformprojects.readonly","https://www.googleapis.com/auth/firebase","openid"]
[debug] [2022-04-30T18:25:55.411Z] >>> HTTP REQUEST POST https://www.googleapis.com/oauth2/v3/token  
 <request body omitted>
[debug] [2022-04-30T18:25:55.567Z] <<< HTTP RESPONSE 200 {"cache-control":"no-cache, no-store, max-age=0, must-revalidate","pragma":"no-cache","date":"Sat, 30 Apr 2022 18:25:55 GMT","expires":"Mon, 01 Jan 1990 00:00:00 GMT","content-type":"application/json; charset=utf-8","vary":"X-Origin, Referer, Origin,Accept-Encoding","server":"scaffolding on HTTPServer2","x-xss-protection":"0","x-frame-options":"SAMEORIGIN","x-content-type-options":"nosniff","alt-svc":"h3=\":443\"; ma=2592000,h3-29=\":443\"; ma=2592000,h3-Q050=\":443\"; ma=2592000,h3-Q046=\":443\"; ma=2592000,h3-Q043=\":443\"; ma=2592000,quic=\":443\"; ma=2592000; v=\"46,43\"","accept-ranges":"none","transfer-encoding":"chunked"}
[debug] [2022-04-30T18:25:55.607Z] >>> HTTP REQUEST POST https://cloudresourcemanager.googleapis.com/v1/projects/super-list-prod:testIamPermissions  
 {"permissions":["firebase.projects.get","firebasehosting.sites.update"]}
[debug] [2022-04-30T18:25:56.141Z] <<< HTTP RESPONSE 200 {"content-type":"application/json; charset=UTF-8","vary":"X-Origin, Referer, Origin,Accept-Encoding","date":"Sat, 30 Apr 2022 18:25:56 GMT","server":"ESF","cache-control":"private","x-xss-protection":"0","x-frame-options":"SAMEORIGIN","x-content-type-options":"nosniff","server-timing":"gfet4t7; dur=134","alt-svc":"h3=\":443\"; ma=2592000,h3-29=\":443\"; ma=2592000,h3-Q050=\":443\"; ma=2592000,h3-Q046=\":443\"; ma=2592000,h3-Q043=\":443\"; ma=2592000,quic=\":443\"; ma=2592000; v=\"46,43\"","accept-ranges":"none","transfer-encoding":"chunked"}
[debug] [2022-04-30T18:25:56.142Z] > refreshing access token with scopes: []
[debug] [2022-04-30T18:25:56.142Z] >>> HTTP REQUEST POST https://www.googleapis.com/oauth2/v3/token  
 <request body omitted>
[debug] [2022-04-30T18:25:56.267Z] <<< HTTP RESPONSE 200 {"date":"Sat, 30 Apr 2022 18:25:56 GMT","expires":"Mon, 01 Jan 1990 00:00:00 GMT","pragma":"no-cache","cache-control":"no-cache, no-store, max-age=0, must-revalidate","content-type":"application/json; charset=utf-8","vary":"X-Origin, Referer, Origin,Accept-Encoding","server":"scaffolding on HTTPServer2","x-xss-protection":"0","x-frame-options":"SAMEORIGIN","x-content-type-options":"nosniff","alt-svc":"h3=\":443\"; ma=2592000,h3-29=\":443\"; ma=2592000,h3-Q050=\":443\"; ma=2592000,h3-Q046=\":443\"; ma=2592000,h3-Q043=\":443\"; ma=2592000,quic=\":443\"; ma=2592000; v=\"46,43\"","accept-ranges":"none","transfer-encoding":"chunked"}
[debug] [2022-04-30T18:25:56.311Z] >>> [apiv2][query] GET https://firebase.googleapis.com/v1beta1/projects/super-list-prod [none]
[debug] [2022-04-30T18:25:56.834Z] <<< [apiv2][status] GET https://firebase.googleapis.com/v1beta1/projects/super-list-prod 200
[debug] [2022-04-30T18:25:56.834Z] <<< [apiv2][body] GET https://firebase.googleapis.com/v1beta1/projects/super-list-prod {"projectId":"super-list-prod","projectNumber":"304535713658","displayName":"super-list-prod","name":"projects/super-list-prod","resources":{"hostingSite":"super-list-prod","realtimeDatabaseInstance":"super-list-prod-default-rtdb"},"state":"ACTIVE"}
[info] 
[info] === Deploying to 'super-list-prod'...
[info] 
[info] i  deploying hosting 
[debug] [2022-04-30T18:25:56.841Z] > refreshing access token with scopes: ["email","https://www.googleapis.com/auth/cloud-platform","https://www.googleapis.com/auth/cloudplatformprojects.readonly","https://www.googleapis.com/auth/firebase","openid"]
[debug] [2022-04-30T18:25:56.841Z] >>> HTTP REQUEST POST https://www.googleapis.com/oauth2/v3/token  
 <request body omitted>
[debug] [2022-04-30T18:25:56.974Z] <<< HTTP RESPONSE 200 {"pragma":"no-cache","expires":"Mon, 01 Jan 1990 00:00:00 GMT","date":"Sat, 30 Apr 2022 18:25:57 GMT","cache-control":"no-cache, no-store, max-age=0, must-revalidate","content-type":"application/json; charset=utf-8","vary":"X-Origin, Referer, Origin,Accept-Encoding","server":"scaffolding on HTTPServer2","x-xss-protection":"0","x-frame-options":"SAMEORIGIN","x-content-type-options":"nosniff","alt-svc":"h3=\":443\"; ma=2592000,h3-29=\":443\"; ma=2592000,h3-Q050=\":443\"; ma=2592000,h3-Q046=\":443\"; ma=2592000,h3-Q043=\":443\"; ma=2592000,quic=\":443\"; ma=2592000; v=\"46,43\"","accept-ranges":"none","transfer-encoding":"chunked"}
[debug] [2022-04-30T18:25:57.021Z] >>> HTTP REQUEST POST https://firebasehosting.googleapis.com/v1beta1/sites/super-list-prod/versions  
 {"config":{},"labels":{"deployment-tool":"cli-firebase"}}
[debug] [2022-04-30T18:25:57.059Z] <<< [apiv2][status] GET https://firebase-public.firebaseio.com/cli.json 200
[debug] [2022-04-30T18:25:57.060Z] <<< [apiv2][body] GET https://firebase-public.firebaseio.com/cli.json {"cloudBuildErrorAfter":1594252800000,"cloudBuildWarnAfter":1590019200000,"defaultNode10After":1594252800000,"minVersion":"3.0.5","node8DeploysDisabledAfter":1613390400000,"node8RuntimeDisabledAfter":1615809600000,"node8WarnAfter":1600128000000}
[debug] [2022-04-30T18:25:58.686Z] <<< HTTP RESPONSE 200 {"content-type":"application/json; charset=UTF-8","vary":"X-Origin, Referer, Origin,Accept-Encoding","date":"Sat, 30 Apr 2022 18:25:58 GMT","server":"ESF","cache-control":"private","x-xss-protection":"0","x-frame-options":"SAMEORIGIN","x-content-type-options":"nosniff","alt-svc":"h3=\":443\"; ma=2592000,h3-29=\":443\"; ma=2592000,h3-Q050=\":443\"; ma=2592000,h3-Q046=\":443\"; ma=2592000,h3-Q043=\":443\"; ma=2592000,quic=\":443\"; ma=2592000; v=\"46,43\"","accept-ranges":"none","transfer-encoding":"chunked"}
[info] i  hosting[super-list-prod]: beginning deploy... 
[info] i  hosting[super-list-prod]: found 27 files in build 
[debug] [2022-04-30T18:25:58.909Z] > refreshing access token with scopes: []
[debug] [2022-04-30T18:25:58.909Z] >>> HTTP REQUEST POST https://www.googleapis.com/oauth2/v3/token  
 <request body omitted>
[debug] [2022-04-30T18:25:58.910Z] [hosting] hash cache [YnVpbGQ] stored for 27 files
[debug] [2022-04-30T18:25:58.911Z] [hosting][hash queue][FINAL] {"max":194,"min":20,"avg":31.88888888888889,"active":0,"complete":27,"success":27,"errored":0,"retried":0,"total":27,"elapsed":204}
[debug] [2022-04-30T18:25:59.039Z] <<< HTTP RESPONSE 200 {"expires":"Mon, 01 Jan 1990 00:00:00 GMT","date":"Sat, 30 Apr 2022 18:25:59 GMT","pragma":"no-cache","cache-control":"no-cache, no-store, max-age=0, must-revalidate","content-type":"application/json; charset=utf-8","vary":"X-Origin, Referer, Origin,Accept-Encoding","server":"scaffolding on HTTPServer2","x-xss-protection":"0","x-frame-options":"SAMEORIGIN","x-content-type-options":"nosniff","alt-svc":"h3=\":443\"; ma=2592000,h3-29=\":443\"; ma=2592000,h3-Q050=\":443\"; ma=2592000,h3-Q046=\":443\"; ma=2592000,h3-Q043=\":443\"; ma=2592000,quic=\":443\"; ma=2592000; v=\"46,43\"","accept-ranges":"none","transfer-encoding":"chunked"}
[debug] [2022-04-30T18:25:59.080Z] >>> [apiv2][query] POST https://firebasehosting.googleapis.com/v1beta1/sites/super-list-prod/versions/b869524fa3f59481:populateFiles [none]
[debug] [2022-04-30T18:25:59.080Z] >>> [apiv2][body] POST https://firebasehosting.googleapis.com/v1beta1/sites/super-list-prod/versions/b869524fa3f59481:populateFiles {"files":{"/asset-manifest.json":"b3f5dab57a54275ce56c0ff2643444359a67464eba6f63fe115f429238049912","/humans.txt":"770602085375380d97393ee522de7bf192d991a4044560d67ce1f0b809d6dd6a","/apple-touch-icon.png":"2810aae3b327944b009123e6549fd92cc8f6cf20c28cbec62b04b9fd75ca01f6","/index.html":"1d3b3324078c2cf2475df14b47fc45a71a77a2b9e314be3501b499a3af55c1f3","/favicon.png":"c248671ab31960e94bb446eccab3792233e58df0509f1a180c5985022cd998c4","/logo_512.png":"d2f2cc16e71619eb61b908195add12c95455b4d791f7b3f918393aac4207a2b3","/robots.txt":"514198506aaef7ae7c3cdc05101834b1af71b64fbb743aa8d75193768b0fc2cb","/manifest.json":"b467c2a1efba40a09615763f5ebd17d88e073e4afef4b3d879c1842db7f444e5","/svg-sprite.svg":"a04a748912f4b6742675b452933fe0adb12772b4e87b5d23905632118cd8409c","/logo.png":"2810aae3b327944b009123e6549fd92cc8f6cf20c28cbec62b04b9fd75ca01f6","/static/css/main.f59e46a3.css":"181f68e1a272072ae5bce2740a1c3e21e58933b31fa9c59404eae5feb267a2e9","/static/js/123.af786b69.chunk.js.map":"426901a263f01d7eb96e7e733ff2ac3a0f8011e9dc07286a4461a5eb8ee2b2fd","/static/css/main.f59e46a3.css.map":"7f502ce391ad1add2e31022a25ad0ae40d2290906b0efc664530f3a5a3178aef","/static/js/123.af786b69.chunk.js":"54a0b52743c51579a110bbd044802b84fd164fc07ec60e7ff916c6229959e804","/static/js/634.cac1c106.chunk.js":"10a2d9d314d7f22f8d48e9715737cb935b5ba242b6ee8dac6c246304cb83e0ac","/static/js/261.3c4df7fc.chunk.js":"c86cce5e6fa66daaed2c884301187a893e6b8310b59d0f5a9d80bcda172f162c","/static/js/634.cac1c106.chunk.js.map":"62ab2d692421606dd1805d2f8dd019a7d9d913c61163f129b3d7b02f4fea03b2","/service-worker.js":"263749247abd1a1a8b38e555b3dc5f621e449f65bd211066e5e6f6bbdf12378d","/static/js/766.9b6afbf5.chunk.js.map":"1f058509eccb7f70159f50a447aff776d42ef7b9817fbd75bbb53a7b5da845d5","/static/js/766.9b6afbf5.chunk.js":"b44996855c604740a2647fa0408634fef2c709cb8d23c7ad9298e45888df2046","/static/js/main.aba74feb.js.LICENSE.txt":"965f38dd77ce41a40be62e5e87176a156444a0aa8744ea2dc596132d3921ecb2","/static/js/261.3c4df7fc.chunk.js.map":"88a881ec106e8a500939af29d59c2d4c7b3af6913d9092ad701672321303dd49","/static/js/726.e0865d67.chunk.js":"609479ac560b6057a1ebe732e3336a74f763645ed6ace36afdd8bd76a9500e3f","/service-worker.js.map":"fe8e68df8bafa45ae1bb6aa6344d13a3089e731cc218fb27e0aeafc460be8ed8","/static/js/main.aba74feb.js":"f5adf1d2b2655ec9f3ba761ebc7c05e79e30260270a12e313756fcd3b6d7fefa","/static/js/726.e0865d67.chunk.js.map":"ea9555852c36afbcc4742f0ec37a5067663ada6219dabc0f2cd118c0e09b1c0a","/static/js/main.aba74feb.js.map":"a7bc2a8fbaef6293d0b97d1bb023d88ac3e4285c206f5c252704426702036d63"}}
[debug] [2022-04-30T18:26:00.227Z] <<< [apiv2][status] POST https://firebasehosting.googleapis.com/v1beta1/sites/super-list-prod/versions/b869524fa3f59481:populateFiles 200
[debug] [2022-04-30T18:26:00.228Z] <<< [apiv2][body] POST https://firebasehosting.googleapis.com/v1beta1/sites/super-list-prod/versions/b869524fa3f59481:populateFiles {"uploadRequiredHashes":["f5adf1d2b2655ec9f3ba761ebc7c05e79e30260270a12e313756fcd3b6d7fefa","1f058509eccb7f70159f50a447aff776d42ef7b9817fbd75bbb53a7b5da845d5","1d3b3324078c2cf2475df14b47fc45a71a77a2b9e314be3501b499a3af55c1f3","263749247abd1a1a8b38e555b3dc5f621e449f65bd211066e5e6f6bbdf12378d","b3f5dab57a54275ce56c0ff2643444359a67464eba6f63fe115f429238049912","b44996855c604740a2647fa0408634fef2c709cb8d23c7ad9298e45888df2046","a7bc2a8fbaef6293d0b97d1bb023d88ac3e4285c206f5c252704426702036d63","62ab2d692421606dd1805d2f8dd019a7d9d913c61163f129b3d7b02f4fea03b2","10a2d9d314d7f22f8d48e9715737cb935b5ba242b6ee8dac6c246304cb83e0ac"],"uploadUrl":"https://upload-firebasehosting.googleapis.com/upload/sites/super-list-prod/versions/b869524fa3f59481/files"}
[debug] [2022-04-30T18:26:00.233Z] >>> [apiv2][query] POST https://upload-firebasehosting.googleapis.com/upload/sites/super-list-prod/versions/b869524fa3f59481/files/f5adf1d2b2655ec9f3ba761ebc7c05e79e30260270a12e313756fcd3b6d7fefa [none]
[debug] [2022-04-30T18:26:00.233Z] >>> [apiv2][body] POST https://upload-firebasehosting.googleapis.com/upload/sites/super-list-prod/versions/b869524fa3f59481/files/f5adf1d2b2655ec9f3ba761ebc7c05e79e30260270a12e313756fcd3b6d7fefa [stream]
[debug] [2022-04-30T18:26:00.236Z] >>> [apiv2][query] POST https://upload-firebasehosting.googleapis.com/upload/sites/super-list-prod/versions/b869524fa3f59481/files/1f058509eccb7f70159f50a447aff776d42ef7b9817fbd75bbb53a7b5da845d5 [none]
[debug] [2022-04-30T18:26:00.236Z] >>> [apiv2][body] POST https://upload-firebasehosting.googleapis.com/upload/sites/super-list-prod/versions/b869524fa3f59481/files/1f058509eccb7f70159f50a447aff776d42ef7b9817fbd75bbb53a7b5da845d5 [stream]
[debug] [2022-04-30T18:26:00.238Z] >>> [apiv2][query] POST https://upload-firebasehosting.googleapis.com/upload/sites/super-list-prod/versions/b869524fa3f59481/files/1d3b3324078c2cf2475df14b47fc45a71a77a2b9e314be3501b499a3af55c1f3 [none]
[debug] [2022-04-30T18:26:00.238Z] >>> [apiv2][body] POST https://upload-firebasehosting.googleapis.com/upload/sites/super-list-prod/versions/b869524fa3f59481/files/1d3b3324078c2cf2475df14b47fc45a71a77a2b9e314be3501b499a3af55c1f3 [stream]
[debug] [2022-04-30T18:26:00.239Z] >>> [apiv2][query] POST https://upload-firebasehosting.googleapis.com/upload/sites/super-list-prod/versions/b869524fa3f59481/files/263749247abd1a1a8b38e555b3dc5f621e449f65bd211066e5e6f6bbdf12378d [none]
[debug] [2022-04-30T18:26:00.239Z] >>> [apiv2][body] POST https://upload-firebasehosting.googleapis.com/upload/sites/super-list-prod/versions/b869524fa3f59481/files/263749247abd1a1a8b38e555b3dc5f621e449f65bd211066e5e6f6bbdf12378d [stream]
[debug] [2022-04-30T18:26:00.241Z] >>> [apiv2][query] POST https://upload-firebasehosting.googleapis.com/upload/sites/super-list-prod/versions/b869524fa3f59481/files/b3f5dab57a54275ce56c0ff2643444359a67464eba6f63fe115f429238049912 [none]
[debug] [2022-04-30T18:26:00.241Z] >>> [apiv2][body] POST https://upload-firebasehosting.googleapis.com/upload/sites/super-list-prod/versions/b869524fa3f59481/files/b3f5dab57a54275ce56c0ff2643444359a67464eba6f63fe115f429238049912 [stream]
[debug] [2022-04-30T18:26:00.242Z] >>> [apiv2][query] POST https://upload-firebasehosting.googleapis.com/upload/sites/super-list-prod/versions/b869524fa3f59481/files/b44996855c604740a2647fa0408634fef2c709cb8d23c7ad9298e45888df2046 [none]
[debug] [2022-04-30T18:26:00.242Z] >>> [apiv2][body] POST https://upload-firebasehosting.googleapis.com/upload/sites/super-list-prod/versions/b869524fa3f59481/files/b44996855c604740a2647fa0408634fef2c709cb8d23c7ad9298e45888df2046 [stream]
[debug] [2022-04-30T18:26:00.243Z] >>> [apiv2][query] POST https://upload-firebasehosting.googleapis.com/upload/sites/super-list-prod/versions/b869524fa3f59481/files/a7bc2a8fbaef6293d0b97d1bb023d88ac3e4285c206f5c252704426702036d63 [none]
[debug] [2022-04-30T18:26:00.243Z] >>> [apiv2][body] POST https://upload-firebasehosting.googleapis.com/upload/sites/super-list-prod/versions/b869524fa3f59481/files/a7bc2a8fbaef6293d0b97d1bb023d88ac3e4285c206f5c252704426702036d63 [stream]
[debug] [2022-04-30T18:26:00.249Z] >>> [apiv2][query] POST https://upload-firebasehosting.googleapis.com/upload/sites/super-list-prod/versions/b869524fa3f59481/files/62ab2d692421606dd1805d2f8dd019a7d9d913c61163f129b3d7b02f4fea03b2 [none]
[debug] [2022-04-30T18:26:00.249Z] >>> [apiv2][body] POST https://upload-firebasehosting.googleapis.com/upload/sites/super-list-prod/versions/b869524fa3f59481/files/62ab2d692421606dd1805d2f8dd019a7d9d913c61163f129b3d7b02f4fea03b2 [stream]
[debug] [2022-04-30T18:26:00.250Z] >>> [apiv2][query] POST https://upload-firebasehosting.googleapis.com/upload/sites/super-list-prod/versions/b869524fa3f59481/files/10a2d9d314d7f22f8d48e9715737cb935b5ba242b6ee8dac6c246304cb83e0ac [none]
[debug] [2022-04-30T18:26:00.250Z] >>> [apiv2][body] POST https://upload-firebasehosting.googleapis.com/upload/sites/super-list-prod/versions/b869524fa3f59481/files/10a2d9d314d7f22f8d48e9715737cb935b5ba242b6ee8dac6c246304cb83e0ac [stream]
[debug] [2022-04-30T18:26:00.252Z] [hosting][populate queue][FINAL] {"max":1324,"min":1324,"avg":1324,"active":0,"complete":1,"success":1,"errored":0,"retried":0,"total":1,"elapsed":1343}
[debug] [2022-04-30T18:26:00.253Z] [hosting] uploads queued: 9
[debug] [2022-04-30T18:26:01.759Z] <<< [apiv2][status] POST https://upload-firebasehosting.googleapis.com/upload/sites/super-list-prod/versions/b869524fa3f59481/files/f5adf1d2b2655ec9f3ba761ebc7c05e79e30260270a12e313756fcd3b6d7fefa 200
[debug] [2022-04-30T18:26:01.759Z] <<< [apiv2][body] POST https://upload-firebasehosting.googleapis.com/upload/sites/super-list-prod/versions/b869524fa3f59481/files/f5adf1d2b2655ec9f3ba761ebc7c05e79e30260270a12e313756fcd3b6d7fefa [stream]
[debug] [2022-04-30T18:26:01.760Z] <<< [apiv2][status] POST https://upload-firebasehosting.googleapis.com/upload/sites/super-list-prod/versions/b869524fa3f59481/files/b3f5dab57a54275ce56c0ff2643444359a67464eba6f63fe115f429238049912 200
[debug] [2022-04-30T18:26:01.761Z] <<< [apiv2][body] POST https://upload-firebasehosting.googleapis.com/upload/sites/super-list-prod/versions/b869524fa3f59481/files/b3f5dab57a54275ce56c0ff2643444359a67464eba6f63fe115f429238049912 [stream]
[debug] [2022-04-30T18:26:01.762Z] <<< [apiv2][status] POST https://upload-firebasehosting.googleapis.com/upload/sites/super-list-prod/versions/b869524fa3f59481/files/b44996855c604740a2647fa0408634fef2c709cb8d23c7ad9298e45888df2046 200
[debug] [2022-04-30T18:26:01.762Z] <<< [apiv2][body] POST https://upload-firebasehosting.googleapis.com/upload/sites/super-list-prod/versions/b869524fa3f59481/files/b44996855c604740a2647fa0408634fef2c709cb8d23c7ad9298e45888df2046 [stream]
[debug] [2022-04-30T18:26:01.763Z] <<< [apiv2][status] POST https://upload-firebasehosting.googleapis.com/upload/sites/super-list-prod/versions/b869524fa3f59481/files/62ab2d692421606dd1805d2f8dd019a7d9d913c61163f129b3d7b02f4fea03b2 200
[debug] [2022-04-30T18:26:01.763Z] <<< [apiv2][body] POST https://upload-firebasehosting.googleapis.com/upload/sites/super-list-prod/versions/b869524fa3f59481/files/62ab2d692421606dd1805d2f8dd019a7d9d913c61163f129b3d7b02f4fea03b2 [stream]
[debug] [2022-04-30T18:26:01.764Z] <<< [apiv2][status] POST https://upload-firebasehosting.googleapis.com/upload/sites/super-list-prod/versions/b869524fa3f59481/files/263749247abd1a1a8b38e555b3dc5f621e449f65bd211066e5e6f6bbdf12378d 200
[debug] [2022-04-30T18:26:01.764Z] <<< [apiv2][body] POST https://upload-firebasehosting.googleapis.com/upload/sites/super-list-prod/versions/b869524fa3f59481/files/263749247abd1a1a8b38e555b3dc5f621e449f65bd211066e5e6f6bbdf12378d [stream]
[debug] [2022-04-30T18:26:01.766Z] <<< [apiv2][status] POST https://upload-firebasehosting.googleapis.com/upload/sites/super-list-prod/versions/b869524fa3f59481/files/1d3b3324078c2cf2475df14b47fc45a71a77a2b9e314be3501b499a3af55c1f3 200
[debug] [2022-04-30T18:26:01.766Z] <<< [apiv2][body] POST https://upload-firebasehosting.googleapis.com/upload/sites/super-list-prod/versions/b869524fa3f59481/files/1d3b3324078c2cf2475df14b47fc45a71a77a2b9e314be3501b499a3af55c1f3 [stream]
[debug] [2022-04-30T18:26:01.767Z] <<< [apiv2][status] POST https://upload-firebasehosting.googleapis.com/upload/sites/super-list-prod/versions/b869524fa3f59481/files/10a2d9d314d7f22f8d48e9715737cb935b5ba242b6ee8dac6c246304cb83e0ac 200
[debug] [2022-04-30T18:26:01.767Z] <<< [apiv2][body] POST https://upload-firebasehosting.googleapis.com/upload/sites/super-list-prod/versions/b869524fa3f59481/files/10a2d9d314d7f22f8d48e9715737cb935b5ba242b6ee8dac6c246304cb83e0ac [stream]
[debug] [2022-04-30T18:26:01.813Z] <<< [apiv2][status] POST https://upload-firebasehosting.googleapis.com/upload/sites/super-list-prod/versions/b869524fa3f59481/files/a7bc2a8fbaef6293d0b97d1bb023d88ac3e4285c206f5c252704426702036d63 200
[debug] [2022-04-30T18:26:01.813Z] <<< [apiv2][body] POST https://upload-firebasehosting.googleapis.com/upload/sites/super-list-prod/versions/b869524fa3f59481/files/a7bc2a8fbaef6293d0b97d1bb023d88ac3e4285c206f5c252704426702036d63 [stream]
[debug] [2022-04-30T18:26:02.373Z] <<< [apiv2][status] POST https://upload-firebasehosting.googleapis.com/upload/sites/super-list-prod/versions/b869524fa3f59481/files/1f058509eccb7f70159f50a447aff776d42ef7b9817fbd75bbb53a7b5da845d5 200
[debug] [2022-04-30T18:26:02.373Z] <<< [apiv2][body] POST https://upload-firebasehosting.googleapis.com/upload/sites/super-list-prod/versions/b869524fa3f59481/files/1f058509eccb7f70159f50a447aff776d42ef7b9817fbd75bbb53a7b5da845d5 [stream]
[debug] [2022-04-30T18:26:02.374Z] [hosting][upload queue][FINAL] {"max":2144,"min":1531,"avg":1606.111111111111,"active":0,"complete":9,"success":9,"errored":0,"retried":0,"total":9,"elapsed":2146}
[info] ✔  hosting[super-list-prod]: file upload complete 
[debug] [2022-04-30T18:26:02.374Z] [hosting] deploy completed after 3685ms
[debug] [2022-04-30T18:26:02.377Z] [
  {
    "config": {
      "public": "build",
      "ignore": [
        "firebase.json",
        "**/.*",
        "**/node_modules/**"
      ],
      "site": "super-list-prod"
    },
    "site": "super-list-prod",
    "version": "sites/super-list-prod/versions/b869524fa3f59481"
  }
]
[info] i  hosting[super-list-prod]: finalizing version... 
[debug] [2022-04-30T18:26:02.377Z] > refreshing access token with scopes: ["email","https://www.googleapis.com/auth/cloud-platform","https://www.googleapis.com/auth/cloudplatformprojects.readonly","https://www.googleapis.com/auth/firebase","openid"]
[debug] [2022-04-30T18:26:02.377Z] >>> HTTP REQUEST POST https://www.googleapis.com/oauth2/v3/token  
 <request body omitted>
[debug] [2022-04-30T18:26:02.516Z] <<< HTTP RESPONSE 200 {"cache-control":"no-cache, no-store, max-age=0, must-revalidate","expires":"Mon, 01 Jan 1990 00:00:00 GMT","pragma":"no-cache","date":"Sat, 30 Apr 2022 18:26:02 GMT","content-type":"application/json; charset=utf-8","vary":"X-Origin, Referer, Origin,Accept-Encoding","server":"scaffolding on HTTPServer2","x-xss-protection":"0","x-frame-options":"SAMEORIGIN","x-content-type-options":"nosniff","alt-svc":"h3=\":443\"; ma=2592000,h3-29=\":443\"; ma=2592000,h3-Q050=\":443\"; ma=2592000,h3-Q046=\":443\"; ma=2592000,h3-Q043=\":443\"; ma=2592000,quic=\":443\"; ma=2592000; v=\"46,43\"","accept-ranges":"none","transfer-encoding":"chunked"}
[debug] [2022-04-30T18:26:02.562Z] >>> HTTP REQUEST PATCH https://firebasehosting.googleapis.com/v1beta1/sites/super-list-prod/versions/b869524fa3f59481?updateMask=status  
 {"status":"FINALIZED"}
[debug] [2022-04-30T18:26:03.750Z] <<< HTTP RESPONSE 200 {"content-type":"application/json; charset=UTF-8","vary":"X-Origin, Referer, Origin,Accept-Encoding","date":"Sat, 30 Apr 2022 18:26:03 GMT","server":"ESF","cache-control":"private","x-xss-protection":"0","x-frame-options":"SAMEORIGIN","x-content-type-options":"nosniff","alt-svc":"h3=\":443\"; ma=2592000,h3-29=\":443\"; ma=2592000,h3-Q050=\":443\"; ma=2592000,h3-Q046=\":443\"; ma=2592000,h3-Q043=\":443\"; ma=2592000,quic=\":443\"; ma=2592000; v=\"46,43\"","accept-ranges":"none","transfer-encoding":"chunked"}
[debug] [2022-04-30T18:26:03.751Z] [hosting] finalized version for super-list-prod: {"name":"sites/super-list-prod/versions/b869524fa3f59481","status":"FINALIZED","config":{},"labels":{"deployment-tool":"cli-firebase"},"createTime":"2022-04-30T18:25:58.030757Z","createUser":{"email":"ramoslucasd@gmail.com"},"finalizeTime":"2022-04-30T18:26:03.732368Z","finalizeUser":{"email":"ramoslucasd@gmail.com"}}
[info] ✔  hosting[super-list-prod]: version finalized 
[info] i  hosting[super-list-prod]: releasing new version... 
[debug] [2022-04-30T18:26:03.753Z] >>> HTTP REQUEST POST https://firebasehosting.googleapis.com/v1beta1/sites/super-list-prod/releases?version_name=sites/super-list-prod/versions/b869524fa3f59481  
 {"message":null}
